<?xml version="1.0" encoding="UTF-8"?>
<!-- Generated by org.testng.reporters.JUnitReportReporter -->
<testsuite hostname="DESKTOP-NVKRUUO" failures="0" tests="1" name="tests.TestRegistrationToNopCommerce" time="6.582" errors="0" timestamp="2021-12-25T07:21:08 EET" skipped="0">
  <testcase classname="tests.TestRegistrationToNopCommerce" name="testRegisterToWebsite" time="6.582"/>
  <system-out/>
</testsuite> <!-- tests.TestRegistrationToNopCommerce -->
