<?xml version="1.0" encoding="UTF-8"?>
<!-- Generated by org.testng.reporters.JUnitReportReporter -->
<testsuite hostname="DESKTOP-NVKRUUO" failures="0" tests="2" name="tests.TestLogin" time="13.177" errors="0" timestamp="2021-12-25T07:21:08 EET" skipped="0">
  <testcase classname="tests.TestLogin" name="testLoginToWebsite" time="5.417"/>
  <system-out/>
  <testcase classname="tests.TestLogin" name="testRegisterToWebsite" time="7.760"/>
  <system-out/>
</testsuite> <!-- tests.TestLogin -->
