<?xml version="1.0" encoding="UTF-8"?>
<!-- Generated by org.testng.reporters.JUnitReportReporter -->
<testsuite hostname="DESKTOP-NVKRUUO" failures="0" tests="1" name="tests.TestSearchItem" time="9.959" errors="0" timestamp="2021-12-25T07:21:08 EET" skipped="0">
  <testcase classname="tests.TestSearchItem" name="testSearchItemAsGuest" time="9.959"/>
  <system-out/>
</testsuite> <!-- tests.TestSearchItem -->
