<?xml version="1.0" encoding="UTF-8"?>
<!-- Generated by org.testng.reporters.JUnitReportReporter -->
<testsuite skipped="0" hostname="DESKTOP-NVKRUUO" name="tests.TestRegistrationToNopCommerce" tests="1" failures="0" timestamp="2021-12-25T14:56:20 EET" time="7.301" errors="0">
  <testcase name="testRegisterToWebsite" time="7.301" classname="tests.TestRegistrationToNopCommerce"/>
  <system-out/>
</testsuite> <!-- tests.TestRegistrationToNopCommerce -->
