<?xml version="1.0" encoding="UTF-8"?>
<!-- Generated by org.testng.reporters.JUnitReportReporter -->
<testsuite skipped="0" hostname="DESKTOP-NVKRUUO" name="tests.TestLogin" tests="2" failures="0" timestamp="2021-12-25T14:56:20 EET" time="16.960" errors="0">
  <testcase name="testLoginToWebsite" time="7.587" classname="tests.TestLogin"/>
  <system-out/>
  <testcase name="testRegisterToWebsite" time="9.373" classname="tests.TestLogin"/>
  <system-out/>
</testsuite> <!-- tests.TestLogin -->
